<?xml version="1.0" encoding="UTF-8"?>
<!-- Generated by org.testng.reporters.JUnitReportReporter -->
<testsuite skipped="0" hostname="IN-2PZNRQ3" name="testCases.AmazonTest" tests="4" failures="0" timestamp="2025-04-07T12:30:13 IST" time="17.938" errors="0">
  <testcase name="validateSearchSuggestions" time="5.985" classname="testCases.AmazonTest"/>
  <system-out/>
  <testcase name="selectProductFromDropdown" time="3.435" classname="testCases.AmazonTest"/>
  <system-out/>
  <testcase name="verifyNewTabAndAppleStoreNavigation" time="5.043" classname="testCases.AmazonTest"/>
  <system-out/>
  <testcase name="verifyAppleWatchQuickLook" time="3.475" classname="testCases.AmazonTest"/>
  <system-out/>
</testsuite> <!-- testCases.AmazonTest -->
